M:\GK PROJ SVN\TRUNK\ENGINE\THEGRID\DEBUG\CGAMEMGR.OBJ
M:\GK proj svn\trunk\Engine\TheGrid\Debug\cl.command.1.tlog
M:\GK proj svn\trunk\Engine\TheGrid\Debug\CL.read.1.tlog
M:\GK proj svn\trunk\Engine\TheGrid\Debug\CL.write.1.tlog
M:\GK proj svn\trunk\Engine\TheGrid\Debug\link.5820.read.1.tlog
M:\GK proj svn\trunk\Engine\TheGrid\Debug\link.5820.write.1.tlog
M:\GK proj svn\trunk\Engine\TheGrid\Debug\link.5820-cvtres.read.1.tlog
M:\GK proj svn\trunk\Engine\TheGrid\Debug\link.5820-cvtres.write.1.tlog
M:\GK proj svn\trunk\Engine\TheGrid\Debug\link.command.1.tlog
M:\GK proj svn\trunk\Engine\TheGrid\Debug\link.read.1.tlog
M:\GK proj svn\trunk\Engine\TheGrid\Debug\link.write.1.tlog
M:\GK proj svn\trunk\Engine\TheGrid\Debug\link-cvtres.read.1.tlog
M:\GK proj svn\trunk\Engine\TheGrid\Debug\link-cvtres.write.1.tlog
M:\GK PROJ SVN\TRUNK\ENGINE\THEGRID\DEBUG\MAIN.OBJ
M:\GK proj svn\trunk\Engine\TheGrid\Debug\mt.command.1.tlog
M:\GK proj svn\trunk\Engine\TheGrid\Debug\mt.read.1.tlog
M:\GK proj svn\trunk\Engine\TheGrid\Debug\mt.write.1.tlog
M:\GK proj svn\trunk\Engine\TheGrid\Debug\rc.command.1.tlog
M:\GK proj svn\trunk\Engine\TheGrid\Debug\rc.read.1.tlog
M:\GK proj svn\trunk\Engine\TheGrid\Debug\rc.write.1.tlog
M:\GK PROJ SVN\TRUNK\ENGINE\THEGRID\DEBUG\THEGRID.EXE
M:\GK PROJ SVN\TRUNK\ENGINE\THEGRID\DEBUG\THEGRID.EXE.EMBED.MANIFEST
M:\GK PROJ SVN\TRUNK\ENGINE\THEGRID\DEBUG\THEGRID.EXE.EMBED.MANIFEST.RES
M:\GK PROJ SVN\TRUNK\ENGINE\THEGRID\DEBUG\THEGRID.EXE.INTERMEDIATE.MANIFEST
M:\GK PROJ SVN\TRUNK\ENGINE\THEGRID\DEBUG\THEGRID.ILK
M:\GK PROJ SVN\TRUNK\ENGINE\THEGRID\DEBUG\THEGRID.PDB
M:\GK proj svn\trunk\Engine\TheGrid\Debug\TheGrid_manifest.rc
M:\GK proj svn\trunk\Engine\TheGrid\Debug\vc100.idb
M:\GK PROJ SVN\TRUNK\ENGINE\THEGRID\DEBUG\VC100.PDB
